<?xml version="1.0" encoding="UTF-8"?>
<testsuite name="organizaordemetas3.CambioDeEstadoAutomaticoSpec" tests="1" skipped="0" failures="0" errors="0" timestamp="2018-02-01T22:07:00" hostname="DESKTOP-JQV5GUG" time="0.047">
  <properties/>
  <testcase name="test something" classname="organizaordemetas3.CambioDeEstadoAutomaticoSpec" time="0.047"/>
  <system-out><![CDATA[]]></system-out>
  <system-err><![CDATA[]]></system-err>
</testsuite>
